2026-05-18 18:16:13,058 [INFO] __main__: Stopping old instance (PID 26213)...
2026-05-18 18:16:13,659 [INFO] __main__: Old instance stopped.
/storage/emulated/0/Цхранилище/Project/FavoriteStructure/bot/handlers/setup.py:225: PTBUserWarning: If 'per_message=False', 'CallbackQueryHandler' will not be tracked for every message. Read this FAQ entry to learn more about the per_* settings: https://github.com/python-telegram-bot/python-telegram-bot/wiki/Frequently-Asked-Questions#what-do-the-per_-settings-in-conversationhandler-do.
  return ConversationHandler(
/storage/emulated/0/Цхранилище/Project/FavoriteStructure/bot/handlers/settings.py:192: PTBUserWarning: If 'per_message=False', 'CallbackQueryHandler' will not be tracked for every message. Read this FAQ entry to learn more about the per_* settings: https://github.com/python-telegram-bot/python-telegram-bot/wiki/Frequently-Asked-Questions#what-do-the-per_-settings-in-conversationhandler-do.
  return ConversationHandler(
2026-05-18 18:16:13,709 [INFO] __main__: Bot starting with polling...
2026-05-18 18:16:13,972 [INFO] httpx: HTTP Request: POST https://api.telegram.org/bot8631449268:AAHviHE-TPEIGxn354XMDhK2WoUjdCi8B2U/getMe "HTTP/1.1 200 OK"
2026-05-18 18:16:13,982 [INFO] __main__: Database initialized
2026-05-18 18:16:14,074 [INFO] httpx: HTTP Request: POST https://api.telegram.org/bot8631449268:AAHviHE-TPEIGxn354XMDhK2WoUjdCi8B2U/setMyCommands "HTTP/1.1 200 OK"
2026-05-18 18:16:14,076 [INFO] __main__: Commands set
2026-05-18 18:16:14,153 [INFO] httpx: HTTP Request: POST https://api.telegram.org/bot8631449268:AAHviHE-TPEIGxn354XMDhK2WoUjdCi8B2U/deleteWebhook "HTTP/1.1 200 OK"
2026-05-18 18:16:14,155 [INFO] telegram.ext.Application: Application started
2026-05-18 18:16:24,400 [INFO] httpx: HTTP Request: POST https://api.telegram.org/bot8631449268:AAHviHE-TPEIGxn354XMDhK2WoUjdCi8B2U/getUpdates "HTTP/1.1 200 OK"
2026-05-18 18:16:34,646 [INFO] httpx: HTTP Request: POST https://api.telegram.org/bot8631449268:AAHviHE-TPEIGxn354XMDhK2WoUjdCi8B2U/getUpdates "HTTP/1.1 200 OK"
2026-05-18 18:16:44,725 [INFO] httpx: HTTP Request: POST https://api.telegram.org/bot8631449268:AAHviHE-TPEIGxn354XMDhK2WoUjdCi8B2U/getUpdates "HTTP/1.1 200 OK"
2026-05-18 18:16:54,810 [INFO] httpx: HTTP Request: POST https://api.telegram.org/bot8631449268:AAHviHE-TPEIGxn354XMDhK2WoUjdCi8B2U/getUpdates "HTTP/1.1 200 OK"
2026-05-18 18:17:04,896 [INFO] httpx: HTTP Request: POST https://api.telegram.org/bot8631449268:AAHviHE-TPEIGxn354XMDhK2WoUjdCi8B2U/getUpdates "HTTP/1.1 200 OK"
2026-05-18 18:17:14,976 [INFO] httpx: HTTP Request: POST https://api.telegram.org/bot8631449268:AAHviHE-TPEIGxn354XMDhK2WoUjdCi8B2U/getUpdates "HTTP/1.1 200 OK"
2026-05-18 18:17:25,055 [INFO] httpx: HTTP Request: POST https://api.telegram.org/bot8631449268:AAHviHE-TPEIGxn354XMDhK2WoUjdCi8B2U/getUpdates "HTTP/1.1 200 OK"
2026-05-18 18:17:35,266 [INFO] httpx: HTTP Request: POST https://api.telegram.org/bot8631449268:AAHviHE-TPEIGxn354XMDhK2WoUjdCi8B2U/getUpdates "HTTP/1.1 200 OK"
2026-05-18 18:17:45,394 [INFO] httpx: HTTP Request: POST https://api.telegram.org/bot8631449268:AAHviHE-TPEIGxn354XMDhK2WoUjdCi8B2U/getUpdates "HTTP/1.1 200 OK"
2026-05-18 18:17:55,476 [INFO] httpx: HTTP Request: POST https://api.telegram.org/bot8631449268:AAHviHE-TPEIGxn354XMDhK2WoUjdCi8B2U/getUpdates "HTTP/1.1 200 OK"
2026-05-18 18:18:05,558 [INFO] httpx: HTTP Request: POST https://api.telegram.org/bot8631449268:AAHviHE-TPEIGxn354XMDhK2WoUjdCi8B2U/getUpdates "HTTP/1.1 200 OK"
2026-05-18 18:18:15,637 [INFO] httpx: HTTP Request: POST https://api.telegram.org/bot8631449268:AAHviHE-TPEIGxn354XMDhK2WoUjdCi8B2U/getUpdates "HTTP/1.1 200 OK"
2026-05-18 18:18:25,720 [INFO] httpx: HTTP Request: POST https://api.telegram.org/bot8631449268:AAHviHE-TPEIGxn354XMDhK2WoUjdCi8B2U/getUpdates "HTTP/1.1 200 OK"
2026-05-18 18:18:35,821 [INFO] httpx: HTTP Request: POST https://api.telegram.org/bot8631449268:AAHviHE-TPEIGxn354XMDhK2WoUjdCi8B2U/getUpdates "HTTP/1.1 200 OK"
2026-05-18 18:18:45,899 [INFO] httpx: HTTP Request: POST https://api.telegram.org/bot8631449268:AAHviHE-TPEIGxn354XMDhK2WoUjdCi8B2U/getUpdates "HTTP/1.1 200 OK"
2026-05-18 18:18:55,974 [INFO] httpx: HTTP Request: POST https://api.telegram.org/bot8631449268:AAHviHE-TPEIGxn354XMDhK2WoUjdCi8B2U/getUpdates "HTTP/1.1 200 OK"
2026-05-18 18:19:06,053 [INFO] httpx: HTTP Request: POST https://api.telegram.org/bot8631449268:AAHviHE-TPEIGxn354XMDhK2WoUjdCi8B2U/getUpdates "HTTP/1.1 200 OK"
2026-05-18 18:19:16,134 [INFO] httpx: HTTP Request: POST https://api.telegram.org/bot8631449268:AAHviHE-TPEIGxn354XMDhK2WoUjdCi8B2U/getUpdates "HTTP/1.1 200 OK"
2026-05-18 18:19:26,261 [INFO] httpx: HTTP Request: POST https://api.telegram.org/bot8631449268:AAHviHE-TPEIGxn354XMDhK2WoUjdCi8B2U/getUpdates "HTTP/1.1 200 OK"
2026-05-18 18:19:36,376 [INFO] httpx: HTTP Request: POST https://api.telegram.org/bot8631449268:AAHviHE-TPEIGxn354XMDhK2WoUjdCi8B2U/getUpdates "HTTP/1.1 200 OK"
2026-05-18 18:19:46,454 [INFO] httpx: HTTP Request: POST https://api.telegram.org/bot8631449268:AAHviHE-TPEIGxn354XMDhK2WoUjdCi8B2U/getUpdates "HTTP/1.1 200 OK"
2026-05-18 18:19:56,534 [INFO] httpx: HTTP Request: POST https://api.telegram.org/bot8631449268:AAHviHE-TPEIGxn354XMDhK2WoUjdCi8B2U/getUpdates "HTTP/1.1 200 OK"
2026-05-18 18:20:06,614 [INFO] httpx: HTTP Request: POST https://api.telegram.org/bot8631449268:AAHviHE-TPEIGxn354XMDhK2WoUjdCi8B2U/getUpdates "HTTP/1.1 200 OK"
2026-05-18 18:20:16,693 [INFO] httpx: HTTP Request: POST https://api.telegram.org/bot8631449268:AAHviHE-TPEIGxn354XMDhK2WoUjdCi8B2U/getUpdates "HTTP/1.1 200 OK"
2026-05-18 18:20:26,775 [INFO] httpx: HTTP Request: POST https://api.telegram.org/bot8631449268:AAHviHE-TPEIGxn354XMDhK2WoUjdCi8B2U/getUpdates "HTTP/1.1 200 OK"
2026-05-18 18:20:36,850 [INFO] httpx: HTTP Request: POST https://api.telegram.org/bot8631449268:AAHviHE-TPEIGxn354XMDhK2WoUjdCi8B2U/getUpdates "HTTP/1.1 200 OK"
2026-05-18 18:20:46,957 [INFO] httpx: HTTP Request: POST https://api.telegram.org/bot8631449268:AAHviHE-TPEIGxn354XMDhK2WoUjdCi8B2U/getUpdates "HTTP/1.1 200 OK"
2026-05-18 18:20:57,032 [INFO] httpx: HTTP Request: POST https://api.telegram.org/bot8631449268:AAHviHE-TPEIGxn354XMDhK2WoUjdCi8B2U/getUpdates "HTTP/1.1 200 OK"
2026-05-18 18:21:07,107 [INFO] httpx: HTTP Request: POST https://api.telegram.org/bot8631449268:AAHviHE-TPEIGxn354XMDhK2WoUjdCi8B2U/getUpdates "HTTP/1.1 200 OK"
2026-05-18 18:21:17,216 [INFO] httpx: HTTP Request: POST https://api.telegram.org/bot8631449268:AAHviHE-TPEIGxn354XMDhK2WoUjdCi8B2U/getUpdates "HTTP/1.1 200 OK"
2026-05-18 18:21:27,309 [INFO] httpx: HTTP Request: POST https://api.telegram.org/bot8631449268:AAHviHE-TPEIGxn354XMDhK2WoUjdCi8B2U/getUpdates "HTTP/1.1 200 OK"
2026-05-18 18:21:37,405 [INFO] httpx: HTTP Request: POST https://api.telegram.org/bot8631449268:AAHviHE-TPEIGxn354XMDhK2WoUjdCi8B2U/getUpdates "HTTP/1.1 200 OK"
2026-05-18 18:21:47,486 [INFO] httpx: HTTP Request: POST https://api.telegram.org/bot8631449268:AAHviHE-TPEIGxn354XMDhK2WoUjdCi8B2U/getUpdates "HTTP/1.1 200 OK"
2026-05-18 18:21:57,562 [INFO] httpx: HTTP Request: POST https://api.telegram.org/bot8631449268:AAHviHE-TPEIGxn354XMDhK2WoUjdCi8B2U/getUpdates "HTTP/1.1 200 OK"
2026-05-18 18:22:07,637 [INFO] httpx: HTTP Request: POST https://api.telegram.org/bot8631449268:AAHviHE-TPEIGxn354XMDhK2WoUjdCi8B2U/getUpdates "HTTP/1.1 200 OK"
2026-05-18 18:22:17,721 [INFO] httpx: HTTP Request: POST https://api.telegram.org/bot8631449268:AAHviHE-TPEIGxn354XMDhK2WoUjdCi8B2U/getUpdates "HTTP/1.1 200 OK"
2026-05-18 18:22:27,800 [INFO] httpx: HTTP Request: POST https://api.telegram.org/bot8631449268:AAHviHE-TPEIGxn354XMDhK2WoUjdCi8B2U/getUpdates "HTTP/1.1 200 OK"
2026-05-18 18:22:37,932 [INFO] httpx: HTTP Request: POST https://api.telegram.org/bot8631449268:AAHviHE-TPEIGxn354XMDhK2WoUjdCi8B2U/getUpdates "HTTP/1.1 200 OK"
2026-05-18 18:22:48,201 [INFO] httpx: HTTP Request: POST https://api.telegram.org/bot8631449268:AAHviHE-TPEIGxn354XMDhK2WoUjdCi8B2U/getUpdates "HTTP/1.1 200 OK"
2026-05-18 18:22:58,292 [INFO] httpx: HTTP Request: POST https://api.telegram.org/bot8631449268:AAHviHE-TPEIGxn354XMDhK2WoUjdCi8B2U/getUpdates "HTTP/1.1 200 OK"
2026-05-18 18:23:08,372 [INFO] httpx: HTTP Request: POST https://api.telegram.org/bot8631449268:AAHviHE-TPEIGxn354XMDhK2WoUjdCi8B2U/getUpdates "HTTP/1.1 200 OK"
2026-05-18 18:23:18,455 [INFO] httpx: HTTP Request: POST https://api.telegram.org/bot8631449268:AAHviHE-TPEIGxn354XMDhK2WoUjdCi8B2U/getUpdates "HTTP/1.1 200 OK"
2026-05-18 18:23:28,589 [INFO] httpx: HTTP Request: POST https://api.telegram.org/bot8631449268:AAHviHE-TPEIGxn354XMDhK2WoUjdCi8B2U/getUpdates "HTTP/1.1 200 OK"
2026-05-18 18:23:38,766 [INFO] httpx: HTTP Request: POST https://api.telegram.org/bot8631449268:AAHviHE-TPEIGxn354XMDhK2WoUjdCi8B2U/getUpdates "HTTP/1.1 200 OK"
2026-05-18 18:23:48,850 [INFO] httpx: HTTP Request: POST https://api.telegram.org/bot8631449268:AAHviHE-TPEIGxn354XMDhK2WoUjdCi8B2U/getUpdates "HTTP/1.1 200 OK"
2026-05-18 18:23:58,987 [INFO] httpx: HTTP Request: POST https://api.telegram.org/bot8631449268:AAHviHE-TPEIGxn354XMDhK2WoUjdCi8B2U/getUpdates "HTTP/1.1 200 OK"
2026-05-18 18:24:09,093 [INFO] httpx: HTTP Request: POST https://api.telegram.org/bot8631449268:AAHviHE-TPEIGxn354XMDhK2WoUjdCi8B2U/getUpdates "HTTP/1.1 200 OK"
2026-05-18 18:24:19,176 [INFO] httpx: HTTP Request: POST https://api.telegram.org/bot8631449268:AAHviHE-TPEIGxn354XMDhK2WoUjdCi8B2U/getUpdates "HTTP/1.1 200 OK"
2026-05-18 18:24:29,284 [INFO] httpx: HTTP Request: POST https://api.telegram.org/bot8631449268:AAHviHE-TPEIGxn354XMDhK2WoUjdCi8B2U/getUpdates "HTTP/1.1 200 OK"
2026-05-18 18:24:39,391 [INFO] httpx: HTTP Request: POST https://api.telegram.org/bot8631449268:AAHviHE-TPEIGxn354XMDhK2WoUjdCi8B2U/getUpdates "HTTP/1.1 200 OK"
2026-05-18 18:24:49,639 [INFO] httpx: HTTP Request: POST https://api.telegram.org/bot8631449268:AAHviHE-TPEIGxn354XMDhK2WoUjdCi8B2U/getUpdates "HTTP/1.1 200 OK"
2026-05-18 18:24:59,735 [INFO] httpx: HTTP Request: POST https://api.telegram.org/bot8631449268:AAHviHE-TPEIGxn354XMDhK2WoUjdCi8B2U/getUpdates "HTTP/1.1 200 OK"
2026-05-18 18:25:09,813 [INFO] httpx: HTTP Request: POST https://api.telegram.org/bot8631449268:AAHviHE-TPEIGxn354XMDhK2WoUjdCi8B2U/getUpdates "HTTP/1.1 200 OK"
2026-05-18 18:25:19,893 [INFO] httpx: HTTP Request: POST https://api.telegram.org/bot8631449268:AAHviHE-TPEIGxn354XMDhK2WoUjdCi8B2U/getUpdates "HTTP/1.1 200 OK"
2026-05-18 18:25:30,199 [INFO] httpx: HTTP Request: POST https://api.telegram.org/bot8631449268:AAHviHE-TPEIGxn354XMDhK2WoUjdCi8B2U/getUpdates "HTTP/1.1 200 OK"
2026-05-18 18:25:40,443 [INFO] httpx: HTTP Request: POST https://api.telegram.org/bot8631449268:AAHviHE-TPEIGxn354XMDhK2WoUjdCi8B2U/getUpdates "HTTP/1.1 200 OK"
2026-05-18 18:25:50,631 [INFO] httpx: HTTP Request: POST https://api.telegram.org/bot8631449268:AAHviHE-TPEIGxn354XMDhK2WoUjdCi8B2U/getUpdates "HTTP/1.1 200 OK"
2026-05-18 18:26:00,715 [INFO] httpx: HTTP Request: POST https://api.telegram.org/bot8631449268:AAHviHE-TPEIGxn354XMDhK2WoUjdCi8B2U/getUpdates "HTTP/1.1 200 OK"
2026-05-18 18:26:10,840 [INFO] httpx: HTTP Request: POST https://api.telegram.org/bot8631449268:AAHviHE-TPEIGxn354XMDhK2WoUjdCi8B2U/getUpdates "HTTP/1.1 200 OK"
2026-05-18 18:26:20,920 [INFO] httpx: HTTP Request: POST https://api.telegram.org/bot8631449268:AAHviHE-TPEIGxn354XMDhK2WoUjdCi8B2U/getUpdates "HTTP/1.1 200 OK"
2026-05-18 18:26:31,024 [INFO] httpx: HTTP Request: POST https://api.telegram.org/bot8631449268:AAHviHE-TPEIGxn354XMDhK2WoUjdCi8B2U/getUpdates "HTTP/1.1 200 OK"
2026-05-18 18:26:41,269 [INFO] httpx: HTTP Request: POST https://api.telegram.org/bot8631449268:AAHviHE-TPEIGxn354XMDhK2WoUjdCi8B2U/getUpdates "HTTP/1.1 200 OK"
2026-05-18 18:26:51,400 [INFO] httpx: HTTP Request: POST https://api.telegram.org/bot8631449268:AAHviHE-TPEIGxn354XMDhK2WoUjdCi8B2U/getUpdates "HTTP/1.1 200 OK"
2026-05-18 18:27:01,538 [INFO] httpx: HTTP Request: POST https://api.telegram.org/bot8631449268:AAHviHE-TPEIGxn354XMDhK2WoUjdCi8B2U/getUpdates "HTTP/1.1 200 OK"
2026-05-18 18:27:11,616 [INFO] httpx: HTTP Request: POST https://api.telegram.org/bot8631449268:AAHviHE-TPEIGxn354XMDhK2WoUjdCi8B2U/getUpdates "HTTP/1.1 200 OK"
2026-05-18 18:27:21,814 [INFO] httpx: HTTP Request: POST https://api.telegram.org/bot8631449268:AAHviHE-TPEIGxn354XMDhK2WoUjdCi8B2U/getUpdates "HTTP/1.1 200 OK"
2026-05-18 18:27:31,903 [INFO] httpx: HTTP Request: POST https://api.telegram.org/bot8631449268:AAHviHE-TPEIGxn354XMDhK2WoUjdCi8B2U/getUpdates "HTTP/1.1 200 OK"
2026-05-18 18:27:42,087 [INFO] httpx: HTTP Request: POST https://api.telegram.org/bot8631449268:AAHviHE-TPEIGxn354XMDhK2WoUjdCi8B2U/getUpdates "HTTP/1.1 200 OK"
2026-05-18 18:27:52,266 [INFO] httpx: HTTP Request: POST https://api.telegram.org/bot8631449268:AAHviHE-TPEIGxn354XMDhK2WoUjdCi8B2U/getUpdates "HTTP/1.1 200 OK"
2026-05-18 18:28:02,347 [INFO] httpx: HTTP Request: POST https://api.telegram.org/bot8631449268:AAHviHE-TPEIGxn354XMDhK2WoUjdCi8B2U/getUpdates "HTTP/1.1 200 OK"
2026-05-18 18:28:12,609 [INFO] httpx: HTTP Request: POST https://api.telegram.org/bot8631449268:AAHviHE-TPEIGxn354XMDhK2WoUjdCi8B2U/getUpdates "HTTP/1.1 200 OK"
2026-05-18 18:28:22,837 [INFO] httpx: HTTP Request: POST https://api.telegram.org/bot8631449268:AAHviHE-TPEIGxn354XMDhK2WoUjdCi8B2U/getUpdates "HTTP/1.1 200 OK"
2026-05-18 18:28:32,946 [INFO] httpx: HTTP Request: POST https://api.telegram.org/bot8631449268:AAHviHE-TPEIGxn354XMDhK2WoUjdCi8B2U/getUpdates "HTTP/1.1 200 OK"
2026-05-18 18:28:43,123 [INFO] httpx: HTTP Request: POST https://api.telegram.org/bot8631449268:AAHviHE-TPEIGxn354XMDhK2WoUjdCi8B2U/getUpdates "HTTP/1.1 200 OK"
2026-05-18 18:28:53,289 [INFO] httpx: HTTP Request: POST https://api.telegram.org/bot8631449268:AAHviHE-TPEIGxn354XMDhK2WoUjdCi8B2U/getUpdates "HTTP/1.1 200 OK"
2026-05-18 18:29:03,367 [INFO] httpx: HTTP Request: POST https://api.telegram.org/bot8631449268:AAHviHE-TPEIGxn354XMDhK2WoUjdCi8B2U/getUpdates "HTTP/1.1 200 OK"
2026-05-18 18:29:13,445 [INFO] httpx: HTTP Request: POST https://api.telegram.org/bot8631449268:AAHviHE-TPEIGxn354XMDhK2WoUjdCi8B2U/getUpdates "HTTP/1.1 200 OK"
2026-05-18 18:29:23,525 [INFO] httpx: HTTP Request: POST https://api.telegram.org/bot8631449268:AAHviHE-TPEIGxn354XMDhK2WoUjdCi8B2U/getUpdates "HTTP/1.1 200 OK"
2026-05-18 18:29:33,610 [INFO] httpx: HTTP Request: POST https://api.telegram.org/bot8631449268:AAHviHE-TPEIGxn354XMDhK2WoUjdCi8B2U/getUpdates "HTTP/1.1 200 OK"
2026-05-18 18:29:43,704 [INFO] httpx: HTTP Request: POST https://api.telegram.org/bot8631449268:AAHviHE-TPEIGxn354XMDhK2WoUjdCi8B2U/getUpdates "HTTP/1.1 200 OK"
2026-05-18 18:29:50,246 [INFO] httpx: HTTP Request: POST https://api.telegram.org/bot8631449268:AAHviHE-TPEIGxn354XMDhK2WoUjdCi8B2U/getUpdates "HTTP/1.1 200 OK"
2026-05-18 18:29:50,248 [INFO] telegram.ext.Application: Application is stopping. This might take a moment.
2026-05-18 18:29:50,249 [INFO] telegram.ext.Application: Application.stop() complete
